2025-11-11 13:30:27,611 - INFO - STARTING COMPLETE PIPELINE PUSH
2025-11-11 13:30:27,615 - INFO - STARTING COMPLETE PIPELINE PUSH
2025-11-11 13:30:27,615 - INFO - ============================================================
2025-11-11 13:30:27,615 - INFO - PHASE 1: BUILDING SILVER LAYER
2025-11-11 13:30:27,615 - INFO - Building economic indicators...
2025-11-11 13:30:57,415 - INFO -   PTAX: 54288 records
2025-11-11 13:30:58,429 - INFO -   SELIC: 7935 records
2025-11-11 13:30:58,472 - INFO -   IPCA: 259 records
2025-11-11 13:30:58,477 - INFO - Building climatic indicators...
2025-11-11 13:30:58,612 - INFO -   INMET: 0 records
2025-11-11 13:30:58,615 - INFO - Building global indicators...
2025-11-11 13:30:58,625 - INFO -   World Bank: 0 records
2025-11-11 13:30:58,625 - INFO - Building logistics indicators...
2025-11-11 13:30:59,752 - INFO -   ANP Fuel: 2158 records
2025-11-11 13:30:59,757 - INFO -   Baltic Dry: 0 records
2025-11-11 13:30:59,757 - INFO - Building commodities...
2025-11-11 13:30:59,758 - INFO - Building market indices...
2025-11-11 13:30:59,758 - INFO - Building energy indicators...
2025-11-11 13:30:59,758 - INFO - Silver layer build completed
2025-11-11 13:30:59,758 - INFO - PHASE 2: VALIDATING SILVER LAYER
2025-11-11 13:31:00,220 - WARNING -   Empty table: inmet_historical.parquet
2025-11-11 13:31:00,247 - WARNING -   Empty table: worldbank_gdp.parquet
2025-11-11 13:31:00,263 - WARNING -   High null rate in anp_fuel_prices.parquet: 40.0%
2025-11-11 13:31:00,270 - WARNING -   Empty table: baltic_dry_index.parquet
2025-11-11 13:31:00,276 - WARNING -   High null rate in ipca15_monthly.parquet: 33.3%
2025-11-11 13:31:00,290 - WARNING -   High null rate in pib_quarterly_yoy.parquet: 33.3%
2025-11-11 13:31:00,344 - INFO -   Validation: 20/23 tables
2025-11-11 13:31:00,345 - INFO -   Records: 75,189
2025-11-11 13:31:00,345 - INFO -   Quality issues: 3
2025-11-11 13:31:00,345 - INFO - PHASE 3: BUILDING GOLD LAYER
2025-11-11 13:31:00,414 - INFO - Building time-series features...
2025-11-11 13:31:00,586 - INFO -   PTAX features: 54288 records
2025-11-11 13:31:00,616 - INFO -   SELIC features: 7935 records
2025-11-11 13:31:00,626 - INFO -   IPCA features: 259 records
2025-11-11 13:31:00,627 - INFO - Building lagged features...
2025-11-11 13:31:00,628 - INFO - Building rolling window features...
2025-11-11 13:31:00,628 - INFO - Building correlation features...
2025-11-11 13:31:00,628 - INFO - Building event features...
2025-11-11 13:31:00,663 - INFO -   Holiday features: 2192 records
2025-11-11 13:31:00,663 - INFO - Gold layer build completed
2025-11-11 13:31:00,664 - INFO - PHASE 4: VALIDATING GOLD LAYER
2025-11-11 13:31:00,948 - INFO -   Gold features: 8 tables
2025-11-11 13:31:00,948 - INFO -   Feature types: price, rate
2025-11-11 13:31:00,950 - INFO - PHASE 5: CREATING PIPELINE DOCS
2025-11-11 13:31:00,956 - INFO -   Pipeline documentation created
2025-11-11 13:31:00,956 - INFO - CREATING FINAL REPORT
2025-11-11 13:31:01,248 - INFO - Final report saved to: COMPLETE_PIPELINE_REPORT.json
2025-11-11 13:31:01,248 - INFO - ============================================================
2025-11-11 13:31:01,248 - INFO - COMPLETE PIPELINE PUSH SUMMARY
2025-11-11 13:31:01,248 - INFO - ============================================================
2025-11-11 13:31:01,248 - INFO - Overall Success: SUCCESS
2025-11-11 13:31:01,248 - INFO - Silver Tables: 23
2025-11-11 13:31:01,248 - INFO - Gold Tables: 11
2025-11-11 13:31:01,248 - INFO - Total Records: 1,371,691
2025-11-11 13:31:01,248 - INFO - Pipeline is ready for ML processing!
2025-11-11 13:31:01,248 - INFO - PIPELINE PUSH COMPLETED - SUCCESS
