2025-11-11 08:18:42,724 - __main__ - INFO - Starting silver layer transformation
2025-11-11 08:18:42,728 - __main__ - INFO - Starting silver layer transformation
2025-11-11 08:18:42,729 - __main__ - INFO - Transforming economic indicators...
2025-11-11 08:18:42,729 - __main__ - INFO - Economic indicators transformation completed
2025-11-11 08:18:42,730 - __main__ - INFO - Transforming climatic data...
2025-11-11 08:18:42,730 - __main__ - INFO - Climatic data transformation completed
2025-11-11 08:18:42,730 - __main__ - INFO - Transforming global indicators...
2025-11-11 08:18:42,731 - __main__ - INFO - Global indicators transformation completed
2025-11-11 08:18:42,731 - __main__ - INFO - Transforming logistics data...
2025-11-11 08:18:42,731 - __main__ - INFO - Logistics data transformation completed
2025-11-11 08:18:42,732 - __main__ - INFO - Transforming commodities data...
2025-11-11 08:18:42,732 - __main__ - INFO - Commodities data transformation completed
2025-11-11 08:18:42,732 - __main__ - ERROR - Error in silver layer transformation: 'SilverLayerBuilder' object has no attribute 'transform_market_indices'
2025-11-11 08:18:42,732 - __main__ - INFO - Silver layer transformation completed. Success: False
2025-11-11 08:20:47,211 - __main__ - INFO - Starting silver layer transformation
2025-11-11 08:20:47,212 - __main__ - INFO - Starting silver layer transformation
2025-11-11 08:20:47,213 - __main__ - INFO - Transforming economic indicators...
2025-11-11 08:20:47,213 - __main__ - INFO - Economic indicators transformation completed
2025-11-11 08:20:47,213 - __main__ - INFO - Transforming climatic data...
2025-11-11 08:20:47,213 - __main__ - INFO - Climatic data transformation completed
2025-11-11 08:20:47,214 - __main__ - INFO - Transforming global indicators...
2025-11-11 08:20:47,214 - __main__ - INFO - Global indicators transformation completed
2025-11-11 08:20:47,214 - __main__ - INFO - Transforming logistics data...
2025-11-11 08:20:47,214 - __main__ - INFO - Logistics data transformation completed
2025-11-11 08:20:47,214 - __main__ - INFO - Transforming commodities data...
2025-11-11 08:20:47,214 - __main__ - INFO - Commodities data transformation completed
2025-11-11 08:20:47,214 - __main__ - ERROR - Error in silver layer transformation: 'SilverLayerBuilder' object has no attribute 'transform_market_indices'
2025-11-11 08:20:47,214 - __main__ - INFO - Silver layer transformation completed. Success: False
