2025-11-03 01:28:27 - nova_corrente.database - ERROR - [database_service.py:68] - Failed to initialize database engine: No module named 'pymysql'
2025-11-03 01:28:27 - nova_corrente.database - ERROR - [database_service.py:68] - Failed to initialize database engine: No module named 'pymysql'
2025-11-03 07:15:48 - nova_corrente.database - ERROR - [database_service.py:68] - Failed to initialize database engine: No module named 'pymysql'
2025-11-03 07:15:48 - nova_corrente.database - ERROR - [database_service.py:68] - Failed to initialize database engine: No module named 'pymysql'
2025-11-03 07:17:06 - nova_corrente.database - INFO - [database_service.py:66] - Database engine initialized successfully
2025-11-03 07:17:24 - nova_corrente.database - INFO - [database_service.py:66] - Database engine initialized successfully
2025-11-03 07:17:51 - nova_corrente.database - INFO - [database_service.py:66] - Database engine initialized successfully
2025-11-03 07:19:00 - nova_corrente.database - INFO - [database_service.py:66] - Database engine initialized successfully
2025-11-03 07:22:02 - nova_corrente.database - INFO - [database_service.py:66] - Database engine initialized successfully
2025-11-03 07:22:10 - nova_corrente.database - ERROR - [database_service.py:268] - Database connection test failed: (pymysql.err.OperationalError) (2003, "Can't connect to MySQL server on 'localhost' ([WinError 10061] Nenhuma conexão pôde ser feita porque a máquina de destino as recusou ativamente)")
(Background on this error at: https://sqlalche.me/e/20/e3q8)
2025-11-03 07:22:52 - nova_corrente.database - INFO - [database_service.py:66] - Database engine initialized successfully
2025-11-03 07:23:01 - nova_corrente.database - ERROR - [database_service.py:268] - Database connection test failed: (pymysql.err.OperationalError) (2003, "Can't connect to MySQL server on 'localhost' ([WinError 10061] Nenhuma conexão pôde ser feita porque a máquina de destino as recusou ativamente)")
(Background on this error at: https://sqlalche.me/e/20/e3q8)
2025-11-03 07:23:43 - nova_corrente.database - INFO - [database_service.py:66] - Database engine initialized successfully
2025-11-03 07:23:51 - nova_corrente.database - ERROR - [database_service.py:268] - Database connection test failed: (pymysql.err.OperationalError) (2003, "Can't connect to MySQL server on 'localhost' ([WinError 10061] Nenhuma conexão pôde ser feita porque a máquina de destino as recusou ativamente)")
(Background on this error at: https://sqlalche.me/e/20/e3q8)
2025-11-03 07:24:21 - nova_corrente.database - INFO - [database_service.py:66] - Database engine initialized successfully
2025-11-03 07:24:29 - nova_corrente.database - ERROR - [database_service.py:268] - Database connection test failed: (pymysql.err.OperationalError) (2003, "Can't connect to MySQL server on 'localhost' ([WinError 10061] Nenhuma conexão pôde ser feita porque a máquina de destino as recusou ativamente)")
(Background on this error at: https://sqlalche.me/e/20/e3q8)
2025-11-03 07:27:50 - nova_corrente.database - INFO - [database_service.py:66] - Database engine initialized successfully
2025-11-03 07:27:50 - nova_corrente.database - INFO - [database_service.py:66] - Database engine initialized successfully
2025-11-03 07:27:59 - nova_corrente.database - ERROR - [database_service.py:268] - Database connection test failed: (pymysql.err.OperationalError) (2003, "Can't connect to MySQL server on 'localhost' ([WinError 10061] Nenhuma conexão pôde ser feita porque a máquina de destino as recusou ativamente)")
(Background on this error at: https://sqlalche.me/e/20/e3q8)
2025-11-03 07:27:59 - nova_corrente.database - ERROR - [database_service.py:268] - Database connection test failed: (pymysql.err.OperationalError) (2003, "Can't connect to MySQL server on 'localhost' ([WinError 10061] Nenhuma conexão pôde ser feita porque a máquina de destino as recusou ativamente)")
(Background on this error at: https://sqlalche.me/e/20/e3q8)
2025-11-03 07:28:08 - nova_corrente.database - ERROR - [database_service.py:268] - Database connection test failed: (pymysql.err.OperationalError) (2003, "Can't connect to MySQL server on 'localhost' ([WinError 10061] Nenhuma conexão pôde ser feita porque a máquina de destino as recusou ativamente)")
(Background on this error at: https://sqlalche.me/e/20/e3q8)
2025-11-03 07:31:13 - nova_corrente.database - ERROR - [database_service.py:268] - Database connection test failed: (pymysql.err.OperationalError) (2003, "Can't connect to MySQL server on 'localhost' ([WinError 10061] Nenhuma conexão pôde ser feita porque a máquina de destino as recusou ativamente)")
(Background on this error at: https://sqlalche.me/e/20/e3q8)
2025-11-03 07:32:50 - nova_corrente.database - ERROR - [database_service.py:268] - Database connection test failed: (pymysql.err.OperationalError) (2003, "Can't connect to MySQL server on 'localhost' ([WinError 10061] Nenhuma conexão pôde ser feita porque a máquina de destino as recusou ativamente)")
(Background on this error at: https://sqlalche.me/e/20/e3q8)
2025-11-03 07:34:13 - nova_corrente.database - ERROR - [database_service.py:268] - Database connection test failed: (pymysql.err.OperationalError) (2003, "Can't connect to MySQL server on 'localhost' ([WinError 10061] Nenhuma conexão pôde ser feita porque a máquina de destino as recusou ativamente)")
(Background on this error at: https://sqlalche.me/e/20/e3q8)
2025-11-03 07:34:30 - nova_corrente.database - INFO - [database_service.py:66] - Database engine initialized successfully
2025-11-03 07:34:30 - nova_corrente.database - INFO - [database_service.py:66] - Database engine initialized successfully
2025-11-03 07:34:39 - nova_corrente.database - ERROR - [database_service.py:268] - Database connection test failed: (pymysql.err.OperationalError) (2003, "Can't connect to MySQL server on 'localhost' ([WinError 10061] Nenhuma conexão pôde ser feita porque a máquina de destino as recusou ativamente)")
(Background on this error at: https://sqlalche.me/e/20/e3q8)
2025-11-03 07:34:39 - nova_corrente.database - ERROR - [database_service.py:268] - Database connection test failed: (pymysql.err.OperationalError) (2003, "Can't connect to MySQL server on 'localhost' ([WinError 10061] Nenhuma conexão pôde ser feita porque a máquina de destino as recusou ativamente)")
(Background on this error at: https://sqlalche.me/e/20/e3q8)
2025-11-03 07:40:51 - nova_corrente.database - INFO - [database_service.py:66] - Database engine initialized successfully
2025-11-03 07:40:51 - nova_corrente.database - INFO - [database_service.py:66] - Database engine initialized successfully
2025-11-03 07:41:00 - nova_corrente.database - ERROR - [database_service.py:268] - Database connection test failed: (pymysql.err.OperationalError) (2003, "Can't connect to MySQL server on 'localhost' ([WinError 10061] Nenhuma conexão pôde ser feita porque a máquina de destino as recusou ativamente)")
(Background on this error at: https://sqlalche.me/e/20/e3q8)
2025-11-03 07:41:00 - nova_corrente.database - ERROR - [database_service.py:268] - Database connection test failed: (pymysql.err.OperationalError) (2003, "Can't connect to MySQL server on 'localhost' ([WinError 10061] Nenhuma conexão pôde ser feita porque a máquina de destino as recusou ativamente)")
(Background on this error at: https://sqlalche.me/e/20/e3q8)
2025-11-03 07:41:15 - nova_corrente.database - INFO - [database_service.py:66] - Database engine initialized successfully
2025-11-03 07:41:15 - nova_corrente.database - INFO - [database_service.py:66] - Database engine initialized successfully
2025-11-03 07:41:23 - nova_corrente.database - ERROR - [database_service.py:268] - Database connection test failed: (pymysql.err.OperationalError) (2003, "Can't connect to MySQL server on 'localhost' ([WinError 10061] Nenhuma conexão pôde ser feita porque a máquina de destino as recusou ativamente)")
(Background on this error at: https://sqlalche.me/e/20/e3q8)
2025-11-03 07:41:23 - nova_corrente.database - ERROR - [database_service.py:268] - Database connection test failed: (pymysql.err.OperationalError) (2003, "Can't connect to MySQL server on 'localhost' ([WinError 10061] Nenhuma conexão pôde ser feita porque a máquina de destino as recusou ativamente)")
(Background on this error at: https://sqlalche.me/e/20/e3q8)
2025-11-03 07:41:36 - nova_corrente.database - INFO - [database_service.py:66] - Database engine initialized successfully
2025-11-03 07:41:36 - nova_corrente.database - INFO - [database_service.py:66] - Database engine initialized successfully
2025-11-03 07:41:40 - nova_corrente.database - INFO - [database_service.py:66] - Database engine initialized successfully
2025-11-03 07:41:44 - nova_corrente.database - ERROR - [database_service.py:268] - Database connection test failed: (pymysql.err.OperationalError) (2003, "Can't connect to MySQL server on 'localhost' ([WinError 10061] Nenhuma conexão pôde ser feita porque a máquina de destino as recusou ativamente)")
(Background on this error at: https://sqlalche.me/e/20/e3q8)
2025-11-03 07:41:44 - nova_corrente.database - ERROR - [database_service.py:268] - Database connection test failed: (pymysql.err.OperationalError) (2003, "Can't connect to MySQL server on 'localhost' ([WinError 10061] Nenhuma conexão pôde ser feita porque a máquina de destino as recusou ativamente)")
(Background on this error at: https://sqlalche.me/e/20/e3q8)
2025-11-03 07:41:48 - nova_corrente.database - INFO - [database_service.py:66] - Database engine initialized successfully
2025-11-03 07:41:48 - nova_corrente.database - INFO - [database_service.py:66] - Database engine initialized successfully
2025-11-03 07:41:56 - nova_corrente.database - ERROR - [database_service.py:268] - Database connection test failed: (pymysql.err.OperationalError) (2003, "Can't connect to MySQL server on 'localhost' ([WinError 10061] Nenhuma conexão pôde ser feita porque a máquina de destino as recusou ativamente)")
(Background on this error at: https://sqlalche.me/e/20/e3q8)
2025-11-03 07:41:57 - nova_corrente.database - ERROR - [database_service.py:268] - Database connection test failed: (pymysql.err.OperationalError) (2003, "Can't connect to MySQL server on 'localhost' ([WinError 10061] Nenhuma conexão pôde ser feita porque a máquina de destino as recusou ativamente)")
(Background on this error at: https://sqlalche.me/e/20/e3q8)
2025-11-03 07:42:40 - nova_corrente.database - ERROR - [database_service.py:268] - Database connection test failed: (pymysql.err.OperationalError) (2003, "Can't connect to MySQL server on 'localhost' ([WinError 10061] Nenhuma conexão pôde ser feita porque a máquina de destino as recusou ativamente)")
(Background on this error at: https://sqlalche.me/e/20/e3q8)
2025-11-03 07:42:48 - nova_corrente.database - INFO - [database_service.py:66] - Database engine initialized successfully
2025-11-03 07:42:48 - nova_corrente.database - INFO - [database_service.py:66] - Database engine initialized successfully
2025-11-03 07:42:56 - nova_corrente.database - ERROR - [database_service.py:268] - Database connection test failed: (pymysql.err.OperationalError) (2003, "Can't connect to MySQL server on 'localhost' ([WinError 10061] Nenhuma conexão pôde ser feita porque a máquina de destino as recusou ativamente)")
(Background on this error at: https://sqlalche.me/e/20/e3q8)
2025-11-03 07:42:56 - nova_corrente.database - ERROR - [database_service.py:268] - Database connection test failed: (pymysql.err.OperationalError) (2003, "Can't connect to MySQL server on 'localhost' ([WinError 10061] Nenhuma conexão pôde ser feita porque a máquina de destino as recusou ativamente)")
(Background on this error at: https://sqlalche.me/e/20/e3q8)
2025-11-03 07:43:06 - nova_corrente.database - INFO - [database_service.py:66] - Database engine initialized successfully
2025-11-03 07:43:06 - nova_corrente.database - INFO - [database_service.py:66] - Database engine initialized successfully
2025-11-03 07:43:14 - nova_corrente.database - ERROR - [database_service.py:268] - Database connection test failed: (pymysql.err.OperationalError) (2003, "Can't connect to MySQL server on 'localhost' ([WinError 10061] Nenhuma conexão pôde ser feita porque a máquina de destino as recusou ativamente)")
(Background on this error at: https://sqlalche.me/e/20/e3q8)
2025-11-03 07:43:15 - nova_corrente.database - ERROR - [database_service.py:268] - Database connection test failed: (pymysql.err.OperationalError) (2003, "Can't connect to MySQL server on 'localhost' ([WinError 10061] Nenhuma conexão pôde ser feita porque a máquina de destino as recusou ativamente)")
(Background on this error at: https://sqlalche.me/e/20/e3q8)
2025-11-03 07:43:17 - nova_corrente.database - INFO - [database_service.py:66] - Database engine initialized successfully
2025-11-03 07:43:17 - nova_corrente.database - INFO - [database_service.py:66] - Database engine initialized successfully
2025-11-03 07:43:25 - nova_corrente.database - ERROR - [database_service.py:268] - Database connection test failed: (pymysql.err.OperationalError) (2003, "Can't connect to MySQL server on 'localhost' ([WinError 10061] Nenhuma conexão pôde ser feita porque a máquina de destino as recusou ativamente)")
(Background on this error at: https://sqlalche.me/e/20/e3q8)
2025-11-03 07:43:25 - nova_corrente.database - ERROR - [database_service.py:268] - Database connection test failed: (pymysql.err.OperationalError) (2003, "Can't connect to MySQL server on 'localhost' ([WinError 10061] Nenhuma conexão pôde ser feita porque a máquina de destino as recusou ativamente)")
(Background on this error at: https://sqlalche.me/e/20/e3q8)
2025-11-03 08:07:12 - nova_corrente.database - INFO - [database_service.py:66] - Database engine initialized successfully
2025-11-03 08:07:20 - nova_corrente.database - ERROR - [database_service.py:268] - Database connection test failed: (pymysql.err.OperationalError) (2003, "Can't connect to MySQL server on 'localhost' ([WinError 10061] Nenhuma conexão pôde ser feita porque a máquina de destino as recusou ativamente)")
(Background on this error at: https://sqlalche.me/e/20/e3q8)
2025-11-03 08:07:34 - nova_corrente.database - ERROR - [database_service.py:268] - Database connection test failed: (pymysql.err.OperationalError) (2003, "Can't connect to MySQL server on 'localhost' ([WinError 10061] Nenhuma conexão pôde ser feita porque a máquina de destino as recusou ativamente)")
(Background on this error at: https://sqlalche.me/e/20/e3q8)
2025-11-03 08:08:34 - nova_corrente.database - ERROR - [database_service.py:268] - Database connection test failed: (pymysql.err.OperationalError) (2003, "Can't connect to MySQL server on 'localhost' ([WinError 10061] Nenhuma conexão pôde ser feita porque a máquina de destino as recusou ativamente)")
(Background on this error at: https://sqlalche.me/e/20/e3q8)
2025-11-03 08:08:47 - nova_corrente.database - INFO - [database_service.py:66] - Database engine initialized successfully
2025-11-03 08:08:48 - nova_corrente.database - INFO - [database_service.py:66] - Database engine initialized successfully
2025-11-03 08:08:48 - nova_corrente.database - INFO - [database_service.py:66] - Database engine initialized successfully
2025-11-03 08:08:50 - nova_corrente.database - INFO - [database_service.py:66] - Database engine initialized successfully
2025-11-03 08:08:57 - nova_corrente.database - ERROR - [database_service.py:268] - Database connection test failed: (pymysql.err.OperationalError) (2003, "Can't connect to MySQL server on 'localhost' ([WinError 10061] Nenhuma conexão pôde ser feita porque a máquina de destino as recusou ativamente)")
(Background on this error at: https://sqlalche.me/e/20/e3q8)
2025-11-03 08:08:57 - nova_corrente.database - ERROR - [database_service.py:268] - Database connection test failed: (pymysql.err.OperationalError) (2003, "Can't connect to MySQL server on 'localhost' ([WinError 10061] Nenhuma conexão pôde ser feita porque a máquina de destino as recusou ativamente)")
(Background on this error at: https://sqlalche.me/e/20/e3q8)
2025-11-03 08:08:59 - nova_corrente.database - ERROR - [database_service.py:268] - Database connection test failed: (pymysql.err.OperationalError) (2003, "Can't connect to MySQL server on 'localhost' ([WinError 10061] Nenhuma conexão pôde ser feita porque a máquina de destino as recusou ativamente)")
(Background on this error at: https://sqlalche.me/e/20/e3q8)
2025-11-03 08:09:00 - nova_corrente.database - INFO - [database_service.py:66] - Database engine initialized successfully
2025-11-03 08:09:08 - nova_corrente.database - ERROR - [database_service.py:268] - Database connection test failed: (pymysql.err.OperationalError) (2003, "Can't connect to MySQL server on 'localhost' ([WinError 10061] Nenhuma conexão pôde ser feita porque a máquina de destino as recusou ativamente)")
(Background on this error at: https://sqlalche.me/e/20/e3q8)
2025-11-03 08:09:16 - nova_corrente.database - ERROR - [database_service.py:268] - Database connection test failed: (pymysql.err.OperationalError) (2003, "Can't connect to MySQL server on 'localhost' ([WinError 10061] Nenhuma conexão pôde ser feita porque a máquina de destino as recusou ativamente)")
(Background on this error at: https://sqlalche.me/e/20/e3q8)
2025-11-03 08:09:25 - nova_corrente.database - INFO - [database_service.py:66] - Database engine initialized successfully
2025-11-03 08:09:25 - nova_corrente.database - INFO - [database_service.py:66] - Database engine initialized successfully
2025-11-03 08:09:34 - nova_corrente.database - ERROR - [database_service.py:268] - Database connection test failed: (pymysql.err.OperationalError) (2003, "Can't connect to MySQL server on 'localhost' ([WinError 10061] Nenhuma conexão pôde ser feita porque a máquina de destino as recusou ativamente)")
(Background on this error at: https://sqlalche.me/e/20/e3q8)
2025-11-03 08:09:34 - nova_corrente.database - ERROR - [database_service.py:268] - Database connection test failed: (pymysql.err.OperationalError) (2003, "Can't connect to MySQL server on 'localhost' ([WinError 10061] Nenhuma conexão pôde ser feita porque a máquina de destino as recusou ativamente)")
(Background on this error at: https://sqlalche.me/e/20/e3q8)
2025-11-03 08:09:34 - nova_corrente.database - ERROR - [database_service.py:268] - Database connection test failed: (pymysql.err.OperationalError) (2003, "Can't connect to MySQL server on 'localhost' ([WinError 10061] Nenhuma conexão pôde ser feita porque a máquina de destino as recusou ativamente)")
(Background on this error at: https://sqlalche.me/e/20/e3q8)
2025-11-03 08:17:48 - nova_corrente.database - INFO - [database_service.py:66] - Database engine initialized successfully
2025-11-03 08:17:57 - nova_corrente.database - ERROR - [database_service.py:268] - Database connection test failed: (pymysql.err.OperationalError) (2003, "Can't connect to MySQL server on 'localhost' ([WinError 10061] Nenhuma conexão pôde ser feita porque a máquina de destino as recusou ativamente)")
(Background on this error at: https://sqlalche.me/e/20/e3q8)
2025-11-03 08:18:15 - nova_corrente.database - ERROR - [database_service.py:268] - Database connection test failed: (pymysql.err.OperationalError) (2003, "Can't connect to MySQL server on 'localhost' ([WinError 10061] Nenhuma conexão pôde ser feita porque a máquina de destino as recusou ativamente)")
(Background on this error at: https://sqlalche.me/e/20/e3q8)
2025-11-03 08:18:22 - nova_corrente.database - ERROR - [database_service.py:268] - Database connection test failed: (pymysql.err.OperationalError) (2003, "Can't connect to MySQL server on 'localhost' ([WinError 10061] Nenhuma conexão pôde ser feita porque a máquina de destino as recusou ativamente)")
(Background on this error at: https://sqlalche.me/e/20/e3q8)
2025-11-03 08:18:29 - nova_corrente.database - ERROR - [database_service.py:268] - Database connection test failed: (pymysql.err.OperationalError) (2003, "Can't connect to MySQL server on 'localhost' ([WinError 10061] Nenhuma conexão pôde ser feita porque a máquina de destino as recusou ativamente)")
(Background on this error at: https://sqlalche.me/e/20/e3q8)
2025-11-03 08:18:36 - nova_corrente.database - ERROR - [database_service.py:268] - Database connection test failed: (pymysql.err.OperationalError) (2003, "Can't connect to MySQL server on 'localhost' ([WinError 10061] Nenhuma conexão pôde ser feita porque a máquina de destino as recusou ativamente)")
(Background on this error at: https://sqlalche.me/e/20/e3q8)
2025-11-03 08:18:43 - nova_corrente.database - ERROR - [database_service.py:268] - Database connection test failed: (pymysql.err.OperationalError) (2003, "Can't connect to MySQL server on 'localhost' ([WinError 10061] Nenhuma conexão pôde ser feita porque a máquina de destino as recusou ativamente)")
(Background on this error at: https://sqlalche.me/e/20/e3q8)
2025-11-03 08:19:09 - nova_corrente.database - ERROR - [database_service.py:268] - Database connection test failed: (pymysql.err.OperationalError) (2003, "Can't connect to MySQL server on 'localhost' ([WinError 10061] Nenhuma conexão pôde ser feita porque a máquina de destino as recusou ativamente)")
(Background on this error at: https://sqlalche.me/e/20/e3q8)
2025-11-03 08:19:22 - nova_corrente.database - ERROR - [database_service.py:268] - Database connection test failed: (pymysql.err.OperationalError) (2003, "Can't connect to MySQL server on 'localhost' ([WinError 10061] Nenhuma conexão pôde ser feita porque a máquina de destino as recusou ativamente)")
(Background on this error at: https://sqlalche.me/e/20/e3q8)
2025-11-03 08:19:35 - nova_corrente.database - ERROR - [database_service.py:268] - Database connection test failed: (pymysql.err.OperationalError) (2003, "Can't connect to MySQL server on 'localhost' ([WinError 10061] Nenhuma conexão pôde ser feita porque a máquina de destino as recusou ativamente)")
(Background on this error at: https://sqlalche.me/e/20/e3q8)
2025-11-03 08:19:48 - nova_corrente.database - ERROR - [database_service.py:268] - Database connection test failed: (pymysql.err.OperationalError) (2003, "Can't connect to MySQL server on 'localhost' ([WinError 10061] Nenhuma conexão pôde ser feita porque a máquina de destino as recusou ativamente)")
(Background on this error at: https://sqlalche.me/e/20/e3q8)
2025-11-03 08:20:01 - nova_corrente.database - ERROR - [database_service.py:268] - Database connection test failed: (pymysql.err.OperationalError) (2003, "Can't connect to MySQL server on 'localhost' ([WinError 10061] Nenhuma conexão pôde ser feita porque a máquina de destino as recusou ativamente)")
(Background on this error at: https://sqlalche.me/e/20/e3q8)
2025-11-03 08:20:14 - nova_corrente.database - ERROR - [database_service.py:268] - Database connection test failed: (pymysql.err.OperationalError) (2003, "Can't connect to MySQL server on 'localhost' ([WinError 10061] Nenhuma conexão pôde ser feita porque a máquina de destino as recusou ativamente)")
(Background on this error at: https://sqlalche.me/e/20/e3q8)
2025-11-03 08:20:49 - nova_corrente.database - ERROR - [database_service.py:268] - Database connection test failed: (pymysql.err.OperationalError) (2003, "Can't connect to MySQL server on 'localhost' ([WinError 10061] Nenhuma conexão pôde ser feita porque a máquina de destino as recusou ativamente)")
(Background on this error at: https://sqlalche.me/e/20/e3q8)
2025-11-03 08:21:11 - nova_corrente.database - INFO - [database_service.py:66] - Database engine initialized successfully
2025-11-03 08:21:20 - nova_corrente.database - ERROR - [database_service.py:268] - Database connection test failed: (pymysql.err.OperationalError) (2003, "Can't connect to MySQL server on 'localhost' ([WinError 10061] Nenhuma conexão pôde ser feita porque a máquina de destino as recusou ativamente)")
(Background on this error at: https://sqlalche.me/e/20/e3q8)
2025-11-03 08:21:49 - nova_corrente.database - ERROR - [database_service.py:268] - Database connection test failed: (pymysql.err.OperationalError) (2003, "Can't connect to MySQL server on 'localhost' ([WinError 10061] Nenhuma conexão pôde ser feita porque a máquina de destino as recusou ativamente)")
(Background on this error at: https://sqlalche.me/e/20/e3q8)
2025-11-03 08:21:57 - nova_corrente.database - ERROR - [database_service.py:268] - Database connection test failed: (pymysql.err.OperationalError) (2003, "Can't connect to MySQL server on 'localhost' ([WinError 10061] Nenhuma conexão pôde ser feita porque a máquina de destino as recusou ativamente)")
(Background on this error at: https://sqlalche.me/e/20/e3q8)
2025-11-03 08:22:05 - nova_corrente.database - ERROR - [database_service.py:268] - Database connection test failed: (pymysql.err.OperationalError) (2003, "Can't connect to MySQL server on 'localhost' ([WinError 10061] Nenhuma conexão pôde ser feita porque a máquina de destino as recusou ativamente)")
(Background on this error at: https://sqlalche.me/e/20/e3q8)
2025-11-03 08:22:50 - nova_corrente.database - INFO - [database_service.py:66] - Database engine initialized successfully
2025-11-03 08:23:02 - nova_corrente.database - ERROR - [database_service.py:268] - Database connection test failed: (pymysql.err.OperationalError) (2003, "Can't connect to MySQL server on 'localhost' ([WinError 10061] Nenhuma conexão pôde ser feita porque a máquina de destino as recusou ativamente)")
(Background on this error at: https://sqlalche.me/e/20/e3q8)
2025-11-03 08:23:05 - nova_corrente.database - INFO - [database_service.py:66] - Database engine initialized successfully
2025-11-03 08:23:41 - nova_corrente.database - INFO - [database_service.py:66] - Database engine initialized successfully
2025-11-03 08:23:50 - nova_corrente.database - ERROR - [database_service.py:268] - Database connection test failed: (pymysql.err.OperationalError) (2003, "Can't connect to MySQL server on 'localhost' ([WinError 10061] Nenhuma conexão pôde ser feita porque a máquina de destino as recusou ativamente)")
(Background on this error at: https://sqlalche.me/e/20/e3q8)
2025-11-03 08:24:26 - nova_corrente.database - ERROR - [database_service.py:268] - Database connection test failed: (pymysql.err.OperationalError) (2003, "Can't connect to MySQL server on 'localhost' ([WinError 10061] Nenhuma conexão pôde ser feita porque a máquina de destino as recusou ativamente)")
(Background on this error at: https://sqlalche.me/e/20/e3q8)
2025-11-03 08:24:34 - nova_corrente.database - ERROR - [database_service.py:268] - Database connection test failed: (pymysql.err.OperationalError) (2003, "Can't connect to MySQL server on 'localhost' ([WinError 10061] Nenhuma conexão pôde ser feita porque a máquina de destino as recusou ativamente)")
(Background on this error at: https://sqlalche.me/e/20/e3q8)
2025-11-03 08:24:42 - nova_corrente.database - ERROR - [database_service.py:268] - Database connection test failed: (pymysql.err.OperationalError) (2003, "Can't connect to MySQL server on 'localhost' ([WinError 10061] Nenhuma conexão pôde ser feita porque a máquina de destino as recusou ativamente)")
(Background on this error at: https://sqlalche.me/e/20/e3q8)
2025-11-03 08:24:50 - nova_corrente.database - ERROR - [database_service.py:268] - Database connection test failed: (pymysql.err.OperationalError) (2003, "Can't connect to MySQL server on 'localhost' ([WinError 10061] Nenhuma conexão pôde ser feita porque a máquina de destino as recusou ativamente)")
(Background on this error at: https://sqlalche.me/e/20/e3q8)
2025-11-03 08:24:58 - nova_corrente.database - ERROR - [database_service.py:268] - Database connection test failed: (pymysql.err.OperationalError) (2003, "Can't connect to MySQL server on 'localhost' ([WinError 10061] Nenhuma conexão pôde ser feita porque a máquina de destino as recusou ativamente)")
(Background on this error at: https://sqlalche.me/e/20/e3q8)
2025-11-03 08:49:01 - nova_corrente.database - INFO - [database_service.py:66] - Database engine initialized successfully
2025-11-03 08:49:10 - nova_corrente.database - ERROR - [database_service.py:268] - Database connection test failed: (pymysql.err.OperationalError) (2003, "Can't connect to MySQL server on 'localhost' ([WinError 10061] Nenhuma conexão pôde ser feita porque a máquina de destino as recusou ativamente)")
(Background on this error at: https://sqlalche.me/e/20/e3q8)
2025-11-03 08:49:24 - nova_corrente.database - ERROR - [database_service.py:268] - Database connection test failed: (pymysql.err.OperationalError) (2003, "Can't connect to MySQL server on 'localhost' ([WinError 10061] Nenhuma conexão pôde ser feita porque a máquina de destino as recusou ativamente)")
(Background on this error at: https://sqlalche.me/e/20/e3q8)
2025-11-03 08:49:30 - nova_corrente.database - ERROR - [database_service.py:268] - Database connection test failed: (pymysql.err.OperationalError) (2003, "Can't connect to MySQL server on 'localhost' ([WinError 10061] Nenhuma conexão pôde ser feita porque a máquina de destino as recusou ativamente)")
(Background on this error at: https://sqlalche.me/e/20/e3q8)
2025-11-03 08:49:59 - nova_corrente.database - ERROR - [database_service.py:268] - Database connection test failed: (pymysql.err.OperationalError) (2003, "Can't connect to MySQL server on 'localhost' ([WinError 10061] Nenhuma conexão pôde ser feita porque a máquina de destino as recusou ativamente)")
(Background on this error at: https://sqlalche.me/e/20/e3q8)
2025-11-03 08:50:05 - nova_corrente.database - INFO - [database_service.py:66] - Database engine initialized successfully
2025-11-03 08:50:13 - nova_corrente.database - ERROR - [database_service.py:268] - Database connection test failed: (pymysql.err.OperationalError) (2003, "Can't connect to MySQL server on 'localhost' ([WinError 10061] Nenhuma conexão pôde ser feita porque a máquina de destino as recusou ativamente)")
(Background on this error at: https://sqlalche.me/e/20/e3q8)
2025-11-03 08:50:30 - nova_corrente.database - ERROR - [database_service.py:268] - Database connection test failed: (pymysql.err.OperationalError) (2003, "Can't connect to MySQL server on 'localhost' ([WinError 10061] Nenhuma conexão pôde ser feita porque a máquina de destino as recusou ativamente)")
(Background on this error at: https://sqlalche.me/e/20/e3q8)
2025-11-03 08:50:40 - nova_corrente.database - ERROR - [database_service.py:268] - Database connection test failed: (pymysql.err.OperationalError) (2003, "Can't connect to MySQL server on 'localhost' ([WinError 10061] Nenhuma conexão pôde ser feita porque a máquina de destino as recusou ativamente)")
(Background on this error at: https://sqlalche.me/e/20/e3q8)
2025-11-03 08:50:59 - nova_corrente.database - ERROR - [database_service.py:268] - Database connection test failed: (pymysql.err.OperationalError) (2003, "Can't connect to MySQL server on 'localhost' ([WinError 10061] Nenhuma conexão pôde ser feita porque a máquina de destino as recusou ativamente)")
(Background on this error at: https://sqlalche.me/e/20/e3q8)
2025-11-03 08:51:14 - nova_corrente.database - ERROR - [database_service.py:268] - Database connection test failed: (pymysql.err.OperationalError) (2003, "Can't connect to MySQL server on 'localhost' ([WinError 10061] Nenhuma conexão pôde ser feita porque a máquina de destino as recusou ativamente)")
(Background on this error at: https://sqlalche.me/e/20/e3q8)
2025-11-03 08:51:18 - nova_corrente.database - ERROR - [database_service.py:268] - Database connection test failed: (pymysql.err.OperationalError) (2003, "Can't connect to MySQL server on 'localhost' ([WinError 10061] Nenhuma conexão pôde ser feita porque a máquina de destino as recusou ativamente)")
(Background on this error at: https://sqlalche.me/e/20/e3q8)
2025-11-03 08:51:27 - nova_corrente.database - INFO - [database_service.py:66] - Database engine initialized successfully
2025-11-03 08:51:44 - nova_corrente.database - ERROR - [database_service.py:268] - Database connection test failed: (pymysql.err.OperationalError) (2003, "Can't connect to MySQL server on 'localhost' ([WinError 10061] Nenhuma conexão pôde ser feita porque a máquina de destino as recusou ativamente)")
(Background on this error at: https://sqlalche.me/e/20/e3q8)
2025-11-03 08:52:15 - nova_corrente.database - ERROR - [database_service.py:268] - Database connection test failed: (pymysql.err.OperationalError) (2003, "Can't connect to MySQL server on 'localhost' ([WinError 10061] Nenhuma conexão pôde ser feita porque a máquina de destino as recusou ativamente)")
(Background on this error at: https://sqlalche.me/e/20/e3q8)
2025-11-03 08:52:43 - nova_corrente.database - INFO - [database_service.py:66] - Database engine initialized successfully
2025-11-03 08:52:52 - nova_corrente.database - ERROR - [database_service.py:268] - Database connection test failed: (pymysql.err.OperationalError) (2003, "Can't connect to MySQL server on 'localhost' ([WinError 10061] Nenhuma conexão pôde ser feita porque a máquina de destino as recusou ativamente)")
(Background on this error at: https://sqlalche.me/e/20/e3q8)
2025-11-03 08:53:01 - nova_corrente.database - ERROR - [database_service.py:268] - Database connection test failed: (pymysql.err.OperationalError) (2003, "Can't connect to MySQL server on 'localhost' ([WinError 10061] Nenhuma conexão pôde ser feita porque a máquina de destino as recusou ativamente)")
(Background on this error at: https://sqlalche.me/e/20/e3q8)
2025-11-03 08:53:19 - nova_corrente.database - ERROR - [database_service.py:268] - Database connection test failed: (pymysql.err.OperationalError) (2003, "Can't connect to MySQL server on 'localhost' ([WinError 10061] Nenhuma conexão pôde ser feita porque a máquina de destino as recusou ativamente)")
(Background on this error at: https://sqlalche.me/e/20/e3q8)
2025-11-03 08:53:26 - nova_corrente.database - ERROR - [database_service.py:268] - Database connection test failed: (pymysql.err.OperationalError) (2003, "Can't connect to MySQL server on 'localhost' ([WinError 10061] Nenhuma conexão pôde ser feita porque a máquina de destino as recusou ativamente)")
(Background on this error at: https://sqlalche.me/e/20/e3q8)
2025-11-03 08:53:30 - nova_corrente.database - ERROR - [database_service.py:268] - Database connection test failed: (pymysql.err.OperationalError) (2003, "Can't connect to MySQL server on 'localhost' ([WinError 10061] Nenhuma conexão pôde ser feita porque a máquina de destino as recusou ativamente)")
(Background on this error at: https://sqlalche.me/e/20/e3q8)
2025-11-03 08:53:34 - nova_corrente.database - ERROR - [database_service.py:268] - Database connection test failed: (pymysql.err.OperationalError) (2003, "Can't connect to MySQL server on 'localhost' ([WinError 10061] Nenhuma conexão pôde ser feita porque a máquina de destino as recusou ativamente)")
(Background on this error at: https://sqlalche.me/e/20/e3q8)
2025-11-03 08:54:01 - nova_corrente.database - ERROR - [database_service.py:268] - Database connection test failed: (pymysql.err.OperationalError) (2003, "Can't connect to MySQL server on 'localhost' ([WinError 10061] Nenhuma conexão pôde ser feita porque a máquina de destino as recusou ativamente)")
(Background on this error at: https://sqlalche.me/e/20/e3q8)
2025-11-03 08:54:30 - nova_corrente.database - ERROR - [database_service.py:268] - Database connection test failed: (pymysql.err.OperationalError) (2003, "Can't connect to MySQL server on 'localhost' ([WinError 10061] Nenhuma conexão pôde ser feita porque a máquina de destino as recusou ativamente)")
(Background on this error at: https://sqlalche.me/e/20/e3q8)
2025-11-03 08:55:01 - nova_corrente.database - ERROR - [database_service.py:268] - Database connection test failed: (pymysql.err.OperationalError) (2003, "Can't connect to MySQL server on 'localhost' ([WinError 10061] Nenhuma conexão pôde ser feita porque a máquina de destino as recusou ativamente)")
(Background on this error at: https://sqlalche.me/e/20/e3q8)
2025-11-03 08:55:13 - nova_corrente.database - INFO - [database_service.py:66] - Database engine initialized successfully
2025-11-03 08:55:21 - nova_corrente.database - ERROR - [database_service.py:268] - Database connection test failed: (pymysql.err.OperationalError) (2003, "Can't connect to MySQL server on 'localhost' ([WinError 10061] Nenhuma conexão pôde ser feita porque a máquina de destino as recusou ativamente)")
(Background on this error at: https://sqlalche.me/e/20/e3q8)
2025-11-03 08:55:30 - nova_corrente.database - ERROR - [database_service.py:268] - Database connection test failed: (pymysql.err.OperationalError) (2003, "Can't connect to MySQL server on 'localhost' ([WinError 10061] Nenhuma conexão pôde ser feita porque a máquina de destino as recusou ativamente)")
(Background on this error at: https://sqlalche.me/e/20/e3q8)
2025-11-03 08:56:55 - nova_corrente.database - ERROR - [database_service.py:268] - Database connection test failed: (pymysql.err.OperationalError) (2003, "Can't connect to MySQL server on 'localhost' ([WinError 10061] Nenhuma conexão pôde ser feita porque a máquina de destino as recusou ativamente)")
(Background on this error at: https://sqlalche.me/e/20/e3q8)
2025-11-03 08:57:54 - nova_corrente.database - ERROR - [database_service.py:268] - Database connection test failed: (pymysql.err.OperationalError) (2003, "Can't connect to MySQL server on 'localhost' ([WinError 10061] Nenhuma conexão pôde ser feita porque a máquina de destino as recusou ativamente)")
(Background on this error at: https://sqlalche.me/e/20/e3q8)
2025-11-03 08:58:55 - nova_corrente.database - ERROR - [database_service.py:268] - Database connection test failed: (pymysql.err.OperationalError) (2003, "Can't connect to MySQL server on 'localhost' ([WinError 10061] Nenhuma conexão pôde ser feita porque a máquina de destino as recusou ativamente)")
(Background on this error at: https://sqlalche.me/e/20/e3q8)
2025-11-03 08:59:54 - nova_corrente.database - ERROR - [database_service.py:268] - Database connection test failed: (pymysql.err.OperationalError) (2003, "Can't connect to MySQL server on 'localhost' ([WinError 10061] Nenhuma conexão pôde ser feita porque a máquina de destino as recusou ativamente)")
(Background on this error at: https://sqlalche.me/e/20/e3q8)
2025-11-03 09:00:55 - nova_corrente.database - ERROR - [database_service.py:268] - Database connection test failed: (pymysql.err.OperationalError) (2003, "Can't connect to MySQL server on 'localhost' ([WinError 10061] Nenhuma conexão pôde ser feita porque a máquina de destino as recusou ativamente)")
(Background on this error at: https://sqlalche.me/e/20/e3q8)
2025-11-03 09:01:54 - nova_corrente.database - ERROR - [database_service.py:268] - Database connection test failed: (pymysql.err.OperationalError) (2003, "Can't connect to MySQL server on 'localhost' ([WinError 10061] Nenhuma conexão pôde ser feita porque a máquina de destino as recusou ativamente)")
(Background on this error at: https://sqlalche.me/e/20/e3q8)
2025-11-03 09:02:55 - nova_corrente.database - ERROR - [database_service.py:268] - Database connection test failed: (pymysql.err.OperationalError) (2003, "Can't connect to MySQL server on 'localhost' ([WinError 10061] Nenhuma conexão pôde ser feita porque a máquina de destino as recusou ativamente)")
(Background on this error at: https://sqlalche.me/e/20/e3q8)
2025-11-03 09:03:54 - nova_corrente.database - ERROR - [database_service.py:268] - Database connection test failed: (pymysql.err.OperationalError) (2003, "Can't connect to MySQL server on 'localhost' ([WinError 10061] Nenhuma conexão pôde ser feita porque a máquina de destino as recusou ativamente)")
(Background on this error at: https://sqlalche.me/e/20/e3q8)
2025-11-03 09:04:54 - nova_corrente.database - INFO - [database_service.py:66] - Database engine initialized successfully
2025-11-03 09:05:03 - nova_corrente.database - ERROR - [database_service.py:268] - Database connection test failed: (pymysql.err.OperationalError) (2003, "Can't connect to MySQL server on 'localhost' ([WinError 10061] Nenhuma conexão pôde ser feita porque a máquina de destino as recusou ativamente)")
(Background on this error at: https://sqlalche.me/e/20/e3q8)
2025-11-03 09:05:26 - nova_corrente.database - ERROR - [database_service.py:268] - Database connection test failed: (pymysql.err.OperationalError) (2003, "Can't connect to MySQL server on 'localhost' ([WinError 10061] Nenhuma conexão pôde ser feita porque a máquina de destino as recusou ativamente)")
(Background on this error at: https://sqlalche.me/e/20/e3q8)
2025-11-03 09:05:34 - nova_corrente.database - ERROR - [database_service.py:268] - Database connection test failed: (pymysql.err.OperationalError) (2003, "Can't connect to MySQL server on 'localhost' ([WinError 10061] Nenhuma conexão pôde ser feita porque a máquina de destino as recusou ativamente)")
(Background on this error at: https://sqlalche.me/e/20/e3q8)
2025-11-03 09:05:42 - nova_corrente.database - ERROR - [database_service.py:268] - Database connection test failed: (pymysql.err.OperationalError) (2003, "Can't connect to MySQL server on 'localhost' ([WinError 10061] Nenhuma conexão pôde ser feita porque a máquina de destino as recusou ativamente)")
(Background on this error at: https://sqlalche.me/e/20/e3q8)
2025-11-03 09:05:50 - nova_corrente.database - ERROR - [database_service.py:268] - Database connection test failed: (pymysql.err.OperationalError) (2003, "Can't connect to MySQL server on 'localhost' ([WinError 10061] Nenhuma conexão pôde ser feita porque a máquina de destino as recusou ativamente)")
(Background on this error at: https://sqlalche.me/e/20/e3q8)
2025-11-03 09:05:55 - nova_corrente.database - ERROR - [database_service.py:268] - Database connection test failed: (pymysql.err.OperationalError) (2003, "Can't connect to MySQL server on 'localhost' ([WinError 10061] Nenhuma conexão pôde ser feita porque a máquina de destino as recusou ativamente)")
(Background on this error at: https://sqlalche.me/e/20/e3q8)
2025-11-03 09:05:59 - nova_corrente.database - ERROR - [database_service.py:268] - Database connection test failed: (pymysql.err.OperationalError) (2003, "Can't connect to MySQL server on 'localhost' ([WinError 10061] Nenhuma conexão pôde ser feita porque a máquina de destino as recusou ativamente)")
(Background on this error at: https://sqlalche.me/e/20/e3q8)
2025-11-03 09:06:17 - nova_corrente.database - ERROR - [database_service.py:268] - Database connection test failed: (pymysql.err.OperationalError) (2003, "Can't connect to MySQL server on 'localhost' ([WinError 10061] Nenhuma conexão pôde ser feita porque a máquina de destino as recusou ativamente)")
(Background on this error at: https://sqlalche.me/e/20/e3q8)
2025-11-03 09:06:54 - nova_corrente.database - ERROR - [database_service.py:268] - Database connection test failed: (pymysql.err.OperationalError) (2003, "Can't connect to MySQL server on 'localhost' ([WinError 10061] Nenhuma conexão pôde ser feita porque a máquina de destino as recusou ativamente)")
(Background on this error at: https://sqlalche.me/e/20/e3q8)
2025-11-03 09:07:08 - nova_corrente.database - INFO - [database_service.py:66] - Database engine initialized successfully
2025-11-03 09:07:16 - nova_corrente.database - ERROR - [database_service.py:268] - Database connection test failed: (pymysql.err.OperationalError) (2003, "Can't connect to MySQL server on 'localhost' ([WinError 10061] Nenhuma conexão pôde ser feita porque a máquina de destino as recusou ativamente)")
(Background on this error at: https://sqlalche.me/e/20/e3q8)
2025-11-03 09:07:39 - nova_corrente.database - ERROR - [database_service.py:268] - Database connection test failed: (pymysql.err.OperationalError) (2003, "Can't connect to MySQL server on 'localhost' ([WinError 10061] Nenhuma conexão pôde ser feita porque a máquina de destino as recusou ativamente)")
(Background on this error at: https://sqlalche.me/e/20/e3q8)
2025-11-03 09:07:55 - nova_corrente.database - ERROR - [database_service.py:268] - Database connection test failed: (pymysql.err.OperationalError) (2003, "Can't connect to MySQL server on 'localhost' ([WinError 10061] Nenhuma conexão pôde ser feita porque a máquina de destino as recusou ativamente)")
(Background on this error at: https://sqlalche.me/e/20/e3q8)
2025-11-03 09:08:45 - nova_corrente.database - ERROR - [database_service.py:268] - Database connection test failed: (pymysql.err.OperationalError) (2003, "Can't connect to MySQL server on 'localhost' ([WinError 10061] Nenhuma conexão pôde ser feita porque a máquina de destino as recusou ativamente)")
(Background on this error at: https://sqlalche.me/e/20/e3q8)
2025-11-03 09:08:54 - nova_corrente.database - ERROR - [database_service.py:268] - Database connection test failed: (pymysql.err.OperationalError) (2003, "Can't connect to MySQL server on 'localhost' ([WinError 10061] Nenhuma conexão pôde ser feita porque a máquina de destino as recusou ativamente)")
(Background on this error at: https://sqlalche.me/e/20/e3q8)
2025-11-03 09:09:55 - nova_corrente.database - ERROR - [database_service.py:268] - Database connection test failed: (pymysql.err.OperationalError) (2003, "Can't connect to MySQL server on 'localhost' ([WinError 10061] Nenhuma conexão pôde ser feita porque a máquina de destino as recusou ativamente)")
(Background on this error at: https://sqlalche.me/e/20/e3q8)
2025-11-03 09:10:54 - nova_corrente.database - ERROR - [database_service.py:268] - Database connection test failed: (pymysql.err.OperationalError) (2003, "Can't connect to MySQL server on 'localhost' ([WinError 10061] Nenhuma conexão pôde ser feita porque a máquina de destino as recusou ativamente)")
(Background on this error at: https://sqlalche.me/e/20/e3q8)
2025-11-03 09:11:55 - nova_corrente.database - ERROR - [database_service.py:268] - Database connection test failed: (pymysql.err.OperationalError) (2003, "Can't connect to MySQL server on 'localhost' ([WinError 10061] Nenhuma conexão pôde ser feita porque a máquina de destino as recusou ativamente)")
(Background on this error at: https://sqlalche.me/e/20/e3q8)
2025-11-03 09:12:54 - nova_corrente.database - ERROR - [database_service.py:268] - Database connection test failed: (pymysql.err.OperationalError) (2003, "Can't connect to MySQL server on 'localhost' ([WinError 10061] Nenhuma conexão pôde ser feita porque a máquina de destino as recusou ativamente)")
(Background on this error at: https://sqlalche.me/e/20/e3q8)
2025-11-03 09:13:39 - nova_corrente.database - ERROR - [database_service.py:268] - Database connection test failed: (pymysql.err.OperationalError) (2003, "Can't connect to MySQL server on 'localhost' ([WinError 10061] Nenhuma conexão pôde ser feita porque a máquina de destino as recusou ativamente)")
(Background on this error at: https://sqlalche.me/e/20/e3q8)
2025-11-03 09:13:47 - nova_corrente.database - ERROR - [database_service.py:268] - Database connection test failed: (pymysql.err.OperationalError) (2003, "Can't connect to MySQL server on 'localhost' ([WinError 10061] Nenhuma conexão pôde ser feita porque a máquina de destino as recusou ativamente)")
(Background on this error at: https://sqlalche.me/e/20/e3q8)
2025-11-03 09:13:51 - nova_corrente.database - ERROR - [database_service.py:268] - Database connection test failed: (pymysql.err.OperationalError) (2003, "Can't connect to MySQL server on 'localhost' ([WinError 10061] Nenhuma conexão pôde ser feita porque a máquina de destino as recusou ativamente)")
(Background on this error at: https://sqlalche.me/e/20/e3q8)
2025-11-03 09:14:18 - nova_corrente.database - ERROR - [database_service.py:268] - Database connection test failed: (pymysql.err.OperationalError) (2003, "Can't connect to MySQL server on 'localhost' ([WinError 10061] Nenhuma conexão pôde ser feita porque a máquina de destino as recusou ativamente)")
(Background on this error at: https://sqlalche.me/e/20/e3q8)
2025-11-03 09:14:47 - nova_corrente.database - ERROR - [database_service.py:268] - Database connection test failed: (pymysql.err.OperationalError) (2003, "Can't connect to MySQL server on 'localhost' ([WinError 10061] Nenhuma conexão pôde ser feita porque a máquina de destino as recusou ativamente)")
(Background on this error at: https://sqlalche.me/e/20/e3q8)
2025-11-03 09:15:18 - nova_corrente.database - ERROR - [database_service.py:268] - Database connection test failed: (pymysql.err.OperationalError) (2003, "Can't connect to MySQL server on 'localhost' ([WinError 10061] Nenhuma conexão pôde ser feita porque a máquina de destino as recusou ativamente)")
(Background on this error at: https://sqlalche.me/e/20/e3q8)
2025-11-03 09:15:47 - nova_corrente.database - ERROR - [database_service.py:268] - Database connection test failed: (pymysql.err.OperationalError) (2003, "Can't connect to MySQL server on 'localhost' ([WinError 10061] Nenhuma conexão pôde ser feita porque a máquina de destino as recusou ativamente)")
(Background on this error at: https://sqlalche.me/e/20/e3q8)
2025-11-03 09:16:18 - nova_corrente.database - ERROR - [database_service.py:268] - Database connection test failed: (pymysql.err.OperationalError) (2003, "Can't connect to MySQL server on 'localhost' ([WinError 10061] Nenhuma conexão pôde ser feita porque a máquina de destino as recusou ativamente)")
(Background on this error at: https://sqlalche.me/e/20/e3q8)
2025-11-03 09:16:47 - nova_corrente.database - ERROR - [database_service.py:268] - Database connection test failed: (pymysql.err.OperationalError) (2003, "Can't connect to MySQL server on 'localhost' ([WinError 10061] Nenhuma conexão pôde ser feita porque a máquina de destino as recusou ativamente)")
(Background on this error at: https://sqlalche.me/e/20/e3q8)
